0 info it worked if it ends with ok
1 verbose cli [ '/Users/shiva/.nvm/versions/node/v5.6.0/bin/node',
1 verbose cli   '/Users/shiva/.nvm/versions/node/v5.6.0/bin/npm',
1 verbose cli   'run',
1 verbose cli   'babel-node',
1 verbose cli   'app.js' ]
2 info using npm@3.6.0
3 info using node@v5.6.0
4 verbose run-script [ 'prebabel-node', 'babel-node', 'postbabel-node' ]
5 info lifecycle tefnut@0.0.1~prebabel-node: tefnut@0.0.1
6 silly lifecycle tefnut@0.0.1~prebabel-node: no script for prebabel-node, continuing
7 info lifecycle tefnut@0.0.1~babel-node: tefnut@0.0.1
8 verbose lifecycle tefnut@0.0.1~babel-node: unsafe-perm in lifecycle true
9 verbose lifecycle tefnut@0.0.1~babel-node: PATH: /Users/shiva/.nvm/versions/node/v5.6.0/lib/node_modules/npm/bin/node-gyp-bin:/Users/shiva/tefnut/node_modules/.bin:/Users/shiva/.nvm/versions/node/v5.6.0/bin:/Users/shiva/.rbenv/shims:/Users/shiva/.rbenv/shims:/usr/local/bin:/usr/bin:/bin:/usr/sbin:/sbin
10 verbose lifecycle tefnut@0.0.1~babel-node: CWD: /Users/shiva/tefnut
11 silly lifecycle tefnut@0.0.1~babel-node: Args: [ '-c',
11 silly lifecycle   'babel-node --presets=/*a*/ --ignore=\'foo|bar|baz\' "app.js"' ]
12 silly lifecycle tefnut@0.0.1~babel-node: Returned: code: 1  signal: null
13 info lifecycle tefnut@0.0.1~babel-node: Failed to exec babel-node script
14 verbose stack Error: tefnut@0.0.1 babel-node: `babel-node --presets=/*a*/ --ignore='foo|bar|baz' "app.js"`
14 verbose stack Exit status 1
14 verbose stack     at EventEmitter.<anonymous> (/Users/shiva/.nvm/versions/node/v5.6.0/lib/node_modules/npm/lib/utils/lifecycle.js:232:16)
14 verbose stack     at emitTwo (events.js:100:13)
14 verbose stack     at EventEmitter.emit (events.js:185:7)
14 verbose stack     at ChildProcess.<anonymous> (/Users/shiva/.nvm/versions/node/v5.6.0/lib/node_modules/npm/lib/utils/spawn.js:24:14)
14 verbose stack     at emitTwo (events.js:100:13)
14 verbose stack     at ChildProcess.emit (events.js:185:7)
14 verbose stack     at maybeClose (internal/child_process.js:827:16)
14 verbose stack     at Process.ChildProcess._handle.onexit (internal/child_process.js:211:5)
15 verbose pkgid tefnut@0.0.1
16 verbose cwd /Users/shiva/tefnut
17 error Darwin 15.6.0
18 error argv "/Users/shiva/.nvm/versions/node/v5.6.0/bin/node" "/Users/shiva/.nvm/versions/node/v5.6.0/bin/npm" "run" "babel-node" "app.js"
19 error node v5.6.0
20 error npm  v3.6.0
21 error code ELIFECYCLE
22 error tefnut@0.0.1 babel-node: `babel-node --presets=/*a*/ --ignore='foo|bar|baz' "app.js"`
22 error Exit status 1
23 error Failed at the tefnut@0.0.1 babel-node script 'babel-node --presets=/*a*/ --ignore='foo|bar|baz' "app.js"'.
23 error Make sure you have the latest version of node.js and npm installed.
23 error If you do, this is most likely a problem with the tefnut package,
23 error not with npm itself.
23 error Tell the author that this fails on your system:
23 error     babel-node --presets=/*a*/ --ignore='foo|bar|baz' "app.js"
23 error You can get information on how to open an issue for this project with:
23 error     npm bugs tefnut
23 error Or if that isn't available, you can get their info via:
23 error     npm owner ls tefnut
23 error There is likely additional logging output above.
24 verbose exit [ 1, true ]
